PRT1
10
18
4 0 3 (94 0 278 ) (0 0 278 ) (0 0 -34 ) (94 0 -34 ) 
4 0 2 (322 0 278 ) (94 0 278 ) (94 0 -34 ) (322 0 -34 ) 
4 0 1 (0 0 -34 ) (0 0 278 ) (0 164 278 ) (0 164 -34 ) 
4 1 6 (0 0 -34 ) (0 0 278 ) (-6 0 278 ) (-6 0 -34 ) 
4 1 8 (-6 0 278 ) (-154 0 278 ) (-154 0 -34 ) (-6 0 -34 ) 
4 2 5 (94 -118 -34 ) (322 -118 -34 ) (322 -118 278 ) (94 -118 278 ) 
4 2 4 (94 -118 84 ) (94 -118 278 ) (94 -20 278 ) (94 -20 84 ) 
4 2 3 (94 0 -34 ) (94 -20 -34 ) (94 -20 278 ) (94 0 278 ) 
4 3 6 (0 0 278 ) (0 0 -34 ) (0 -20 -34 ) (0 -20 278 ) 
4 3 4 (94 -20 84 ) (94 -20 278 ) (0 -20 278 ) (0 -20 84 ) 
4 4 7 (0 -118 84 ) (0 -118 278 ) (0 -20 278 ) (0 -20 84 ) 
4 4 5 (94 -118 84 ) (94 -118 278 ) (0 -118 278 ) (0 -118 84 ) 
4 5 9 (0 -118 -34 ) (0 -220 -34 ) (0 -220 278 ) (0 -118 278 ) 
4 6 7 (-6 -20 278 ) (-6 -20 84 ) (0 -20 84 ) (0 -20 278 ) 
4 6 8 (-6 0 -34 ) (-6 -20 -34 ) (-6 -20 278 ) (-6 0 278 ) 
4 7 9 (0 -118 84 ) (0 -118 278 ) (-6 -118 278 ) (-6 -118 84 ) 
4 7 8 (-6 -118 84 ) (-6 -118 278 ) (-6 -20 278 ) (-6 -20 84 ) 
4 8 9 (-154 -118 278 ) (-154 -118 -34 ) (-6 -118 -34 ) (-6 -118 278 ) 
